Using pre-set license
Built from '2020.3/staging' branch; Version is '2020.3.20f1 (41c4e627c95f) revision 4310246'; Using compiler version '192528614'; Build Type 'Release'
OS: 'Windows 10 Home; OS build 19042.1348; Version 2009; 64bit' Language: 'en' Physical Memory: 16178 MB
BatchMode: 1, IsHumanControllingUs: 0, StartBugReporterOnCrash: 0, Is64bit: 1, IsPro: 0

COMMAND LINE ARGUMENTS:
D:\Unity Game\2020.3.20f1\Editor\Unity.exe
-adb2
-batchMode
-noUpm
-name
AssetImportWorker0
-projectPath
D:/Git hand ins/Repository/Game-Jam----flight-/Transportation game
-logFile
Logs/AssetImportWorker0.log
-srvPort
53604
Successfully changed project path to: D:/Git hand ins/Repository/Game-Jam----flight-/Transportation game
D:/Git hand ins/Repository/Game-Jam----flight-/Transportation game
Using Asset Import Pipeline V2.
Refreshing native plugins compatible for Editor in 60.34 ms, found 2 plugins.
Preloading 0 native plugins for Editor in 0.00 ms.
Initialize engine version: 2020.3.20f1 (41c4e627c95f)
[Subsystems] Discovering subsystems at path D:/Unity Game/2020.3.20f1/Editor/Data/Resources/UnitySubsystems
[Subsystems] Discovering subsystems at path D:/Git hand ins/Repository/Game-Jam----flight-/Transportation game/Assets
GfxDevice: creating device client; threaded=0
Direct3D:
    Version:  Direct3D 11.0 [level 11.1]
    Renderer: NVIDIA GeForce GTX 1050 Ti (ID=0x1c8c)
    Vendor:   
    VRAM:     4018 MB
    Driver:   27.21.14.6231
Initialize mono
Mono path[0] = 'D:/Unity Game/2020.3.20f1/Editor/Data/Managed'
Mono path[1] = 'D:/Unity Game/2020.3.20f1/Editor/Data/MonoBleedingEdge/lib/mono/unityjit'
Mono config path = 'D:/Unity Game/2020.3.20f1/Editor/Data/MonoBleedingEdge/etc'
Using monoOptions --debugger-agent=transport=dt_socket,embedding=1,server=y,suspend=n,address=127.0.0.1:56132
Begin MonoManager ReloadAssembly
Registering precompiled unity dll's ...
Register platform support module: D:/Unity Game/2020.3.20f1/Editor/Data/PlaybackEngines/MacStandaloneSupport/UnityEditor.OSXStandalone.Extensions.dll
Register platform support module: D:/Unity Game/2020.3.20f1/Editor/Data/PlaybackEngines/WindowsStandaloneSupport/UnityEditor.WindowsStandalone.Extensions.dll
Registered in 0.001513 seconds.
Native extension for WindowsStandalone target not found
Native extension for OSXStandalone target not found
Refreshing native plugins compatible for Editor in 47.54 ms, found 2 plugins.
Preloading 0 native plugins for Editor in 0.00 ms.
Mono: successfully reloaded assembly
- Completed reload, in  1.827 seconds
Domain Reload Profiling:
	ReloadAssembly (1827ms)
		BeginReloadAssembly (61ms)
			ExecutionOrderSort (0ms)
			DisableScriptedObjects (0ms)
			BackupInstance (0ms)
			ReleaseScriptingObjects (0ms)
			CreateAndSetChildDomain (1ms)
		EndReloadAssembly (449ms)
			LoadAssemblies (59ms)
			RebuildTransferFunctionScriptingTraits (0ms)
			SetupTypeCache (162ms)
			ReleaseScriptCaches (0ms)
			RebuildScriptCaches (32ms)
			SetupLoadedEditorAssemblies (172ms)
				LogAssemblyErrors (0ms)
				InitializePlatformSupportModulesInManaged (4ms)
				SetLoadedEditorAssemblies (0ms)
				RefreshPlugins (48ms)
				BeforeProcessingInitializeOnLoad (16ms)
				ProcessInitializeOnLoadAttributes (78ms)
				ProcessInitializeOnLoadMethodAttributes (27ms)
				AfterProcessingInitializeOnLoad (0ms)
				EditorAssembliesLoaded (0ms)
			ExecutionOrderSort2 (0ms)
			AwakeInstancesAfterBackupRestoration (0ms)
Platform modules already initialized, skipping
Registering precompiled user dll's ...
Registered in 0.003439 seconds.
Begin MonoManager ReloadAssembly
Native extension for WindowsStandalone target not found
Native extension for OSXStandalone target not found
Refreshing native plugins compatible for Editor in 47.05 ms, found 2 plugins.
Preloading 0 native plugins for Editor in 0.00 ms.
Mono: successfully reloaded assembly
- Completed reload, in  1.250 seconds
Domain Reload Profiling:
	ReloadAssembly (1251ms)
		BeginReloadAssembly (155ms)
			ExecutionOrderSort (0ms)
			DisableScriptedObjects (4ms)
			BackupInstance (0ms)
			ReleaseScriptingObjects (0ms)
			CreateAndSetChildDomain (19ms)
		EndReloadAssembly (1041ms)
			LoadAssemblies (118ms)
			RebuildTransferFunctionScriptingTraits (0ms)
			SetupTypeCache (419ms)
			ReleaseScriptCaches (0ms)
			RebuildScriptCaches (50ms)
			SetupLoadedEditorAssemblies (336ms)
				LogAssemblyErrors (0ms)
				InitializePlatformSupportModulesInManaged (4ms)
				SetLoadedEditorAssemblies (0ms)
				RefreshPlugins (47ms)
				BeforeProcessingInitializeOnLoad (78ms)
				ProcessInitializeOnLoadAttributes (200ms)
				ProcessInitializeOnLoadMethodAttributes (4ms)
				AfterProcessingInitializeOnLoad (2ms)
				EditorAssembliesLoaded (0ms)
			ExecutionOrderSort2 (0ms)
			AwakeInstancesAfterBackupRestoration (6ms)
Platform modules already initialized, skipping
========================================================================
Worker process is ready to serve import requests
Launched and connected shader compiler UnityShaderCompiler.exe after 0.06 seconds
Refreshing native plugins compatible for Editor in 0.50 ms, found 2 plugins.
Preloading 0 native plugins for Editor in 0.00 ms.
Unloading 2722 Unused Serialized files (Serialized files now loaded: 0)
System memory in use before: 123.7 MB.
System memory in use after: 123.9 MB.

Unloading 17 unused Assets to reduce memory usage. Loaded Objects now: 3159.
Total: 3.530300 ms (FindLiveObjects: 0.264500 ms CreateObjectMapping: 0.124900 ms MarkObjects: 3.048100 ms  DeleteObjects: 0.091900 ms)

AssetImportParameters requested are different than current active one (requested -> active):
  custom:framework-win-MediaFoundation: 216162199b28c13a410421893ffa2e32 -> 
  custom:video-decoder-ogg-theora: a1e56fd34408186e4bbccfd4996cb3dc -> 
  custom:container-muxer-webm: aa71ff27fc2769a1b78a27578f13a17b -> 
  custom:container-demuxer-webm: 4f35f7cbe854078d1ac9338744f61a02 -> 
  custom:container-demuxer-ogg: 62fdf1f143b41e24485cea50d1cbac27 -> 
  custom:video-encoder-webm-vp8: eb34c28f22e8b96e1ab97ce403110664 -> 
  custom:video-codec-MediaFoundation-h265: 746d11721c4dcdbdad8f713fa42b33f4 -> 
  custom:video-decoder-webm-vp8: 9c59270c3fd7afecdb556c50c9e8de78 -> 
  custom:audio-decoder-ogg-vorbis: bf7c407c2cedff20999df2af8eb42d56 -> 
  custom:audio-encoder-webm-vorbis: bf7c407c2cedff20999df2af8eb42d56 -> 
========================================================================
Received Import Request.
  path: Assets/prefabs/terain with solarpunk buildings smaller.fbm
  artifactKey: Guid(1079bf2e70572e341a98bbea7e35c49e) Importer(815301076,1909f56bfc062723c751e8b465ee728b)
Start importing Assets/prefabs/terain with solarpunk buildings smaller.fbm using Guid(1079bf2e70572e341a98bbea7e35c49e) Importer(815301076,1909f56bfc062723c751e8b465ee728b)  -> (artifact id: '30c5e6391202e760f08eecddd6921a59') in 0.008726 seconds 
  Import took 0.048652 seconds .

========================================================================
Received Prepare
Registering precompiled user dll's ...
Registered in 0.003247 seconds.
Begin MonoManager ReloadAssembly
Native extension for WindowsStandalone target not found
Native extension for OSXStandalone target not found
Refreshing native plugins compatible for Editor in 0.54 ms, found 2 plugins.
Preloading 0 native plugins for Editor in 0.00 ms.
Mono: successfully reloaded assembly
- Completed reload, in  1.023 seconds
Domain Reload Profiling:
	ReloadAssembly (1023ms)
		BeginReloadAssembly (113ms)
			ExecutionOrderSort (0ms)
			DisableScriptedObjects (4ms)
			BackupInstance (0ms)
			ReleaseScriptingObjects (0ms)
			CreateAndSetChildDomain (35ms)
		EndReloadAssembly (847ms)
			LoadAssemblies (96ms)
			RebuildTransferFunctionScriptingTraits (0ms)
			SetupTypeCache (309ms)
			ReleaseScriptCaches (1ms)
			RebuildScriptCaches (45ms)
			SetupLoadedEditorAssemblies (293ms)
				LogAssemblyErrors (0ms)
				InitializePlatformSupportModulesInManaged (4ms)
				SetLoadedEditorAssemblies (0ms)
				RefreshPlugins (1ms)
				BeforeProcessingInitializeOnLoad (75ms)
				ProcessInitializeOnLoadAttributes (205ms)
				ProcessInitializeOnLoadMethodAttributes (4ms)
				AfterProcessingInitializeOnLoad (2ms)
				EditorAssembliesLoaded (0ms)
			ExecutionOrderSort2 (0ms)
			AwakeInstancesAfterBackupRestoration (10ms)
Platform modules already initialized, skipping
Refreshing native plugins compatible for Editor in 0.46 ms, found 2 plugins.
Preloading 0 native plugins for Editor in 0.00 ms.
Unloading 2613 Unused Serialized files (Serialized files now loaded: 0)
System memory in use before: 116.5 MB.
System memory in use after: 116.8 MB.

Unloading 12 unused Assets to reduce memory usage. Loaded Objects now: 3161.
Total: 3.397400 ms (FindLiveObjects: 0.241500 ms CreateObjectMapping: 0.116100 ms MarkObjects: 3.018500 ms  DeleteObjects: 0.020000 ms)

AssetImportParameters requested are different than current active one (requested -> active):
  custom:framework-win-MediaFoundation: 216162199b28c13a410421893ffa2e32 -> 
  custom:video-decoder-ogg-theora: a1e56fd34408186e4bbccfd4996cb3dc -> 
  custom:container-muxer-webm: aa71ff27fc2769a1b78a27578f13a17b -> 
  custom:container-demuxer-webm: 4f35f7cbe854078d1ac9338744f61a02 -> 
  custom:container-demuxer-ogg: 62fdf1f143b41e24485cea50d1cbac27 -> 
  custom:video-encoder-webm-vp8: eb34c28f22e8b96e1ab97ce403110664 -> 
  custom:video-codec-MediaFoundation-h265: 746d11721c4dcdbdad8f713fa42b33f4 -> 
  custom:video-decoder-webm-vp8: 9c59270c3fd7afecdb556c50c9e8de78 -> 
  custom:audio-decoder-ogg-vorbis: bf7c407c2cedff20999df2af8eb42d56 -> 
  custom:audio-encoder-webm-vorbis: bf7c407c2cedff20999df2af8eb42d56 -> 
========================================================================
Received Import Request.
  Time since last request: 437.341737 seconds.
  path: Assets/prefabs/Sky.fbx
  artifactKey: Guid(0d37de15b80081f48a659bf94648dc25) Importer(815301076,1909f56bfc062723c751e8b465ee728b)
Start importing Assets/prefabs/Sky.fbx using Guid(0d37de15b80081f48a659bf94648dc25) Importer(815301076,1909f56bfc062723c751e8b465ee728b)  -> (artifact id: 'abfe2c32112fceeadebc085e1c8df41d') in 0.349811 seconds 
  Import took 0.467120 seconds .

========================================================================
Received Import Request.
  Time since last request: 14.240253 seconds.
  path: Assets/prefabs/terain with solarpunk buildings smaller.fbx
  artifactKey: Guid(759093ae156e7974cab3e4ff022b8812) Importer(815301076,1909f56bfc062723c751e8b465ee728b)
Start importing Assets/prefabs/terain with solarpunk buildings smaller.fbx using Guid(759093ae156e7974cab3e4ff022b8812) Importer(815301076,1909f56bfc062723c751e8b465ee728b)  -> (artifact id: '174724f11ca67f77013b4dbe9dff92ab') in 0.075811 seconds 
  Import took 0.081135 seconds .

========================================================================
Received Import Request.
  Time since last request: 0.000330 seconds.
  path: Assets/prefabs/low poly ship.fbx
  artifactKey: Guid(7434872e31cefd44c90c0ea8a3a2531b) Importer(815301076,1909f56bfc062723c751e8b465ee728b)
Start importing Assets/prefabs/low poly ship.fbx using Guid(7434872e31cefd44c90c0ea8a3a2531b) Importer(815301076,1909f56bfc062723c751e8b465ee728b)  -> (artifact id: '87ba154c17c3e3dd68021f9a55112d21') in 0.028938 seconds 
  Import took 0.127601 seconds .

========================================================================
Received Import Request.
  Time since last request: 0.000348 seconds.
  path: Assets/prefabs/terain with solarpunk buildings.fbx
  artifactKey: Guid(7ba72a063cfd4084db4e99c33e5426cb) Importer(815301076,1909f56bfc062723c751e8b465ee728b)
Start importing Assets/prefabs/terain with solarpunk buildings.fbx using Guid(7ba72a063cfd4084db4e99c33e5426cb) Importer(815301076,1909f56bfc062723c751e8b465ee728b)  -> (artifact id: 'b25c120fb7a506560eaf4dacfb9f5757') in 0.068044 seconds 
  Import took 0.112194 seconds .

========================================================================
Received Import Request.
  Time since last request: 0.000303 seconds.
  path: Assets/prefabs/New Material.mat
  artifactKey: Guid(a940a027d0f56f34f8a11c99a5eface9) Importer(815301076,1909f56bfc062723c751e8b465ee728b)
Start importing Assets/prefabs/New Material.mat using Guid(a940a027d0f56f34f8a11c99a5eface9) Importer(815301076,1909f56bfc062723c751e8b465ee728b)  -> (artifact id: '2d0a6589e7eeabb649bfba2e088305b3') in 0.042887 seconds 
  Import took 0.066565 seconds .

========================================================================
Received Import Request.
  Time since last request: 90.402011 seconds.
  path: Assets/prefabs/Sky.fbx
  artifactKey: Guid(0d37de15b80081f48a659bf94648dc25) Importer(815301076,1909f56bfc062723c751e8b465ee728b)
Start importing Assets/prefabs/Sky.fbx using Guid(0d37de15b80081f48a659bf94648dc25) Importer(815301076,1909f56bfc062723c751e8b465ee728b)  -> (artifact id: 'da87a50d319696571c63b2803a394df0') in 0.019298 seconds 
  Import took 0.128730 seconds .

========================================================================
Received Import Request.
  Time since last request: 15.983037 seconds.
  path: Assets/prefabs/terain with solarpunk buildings.fbm
  artifactKey: Guid(d9db6309818b8ba4ea751cb1112535b0) Importer(815301076,1909f56bfc062723c751e8b465ee728b)
Start importing Assets/prefabs/terain with solarpunk buildings.fbm using Guid(d9db6309818b8ba4ea751cb1112535b0) Importer(815301076,1909f56bfc062723c751e8b465ee728b)  -> (artifact id: 'bfdc4f560bc1642c9f195e35663e7caf') in 0.002675 seconds 
  Import took 0.138533 seconds .

========================================================================
Received Import Request.
  Time since last request: 64.736984 seconds.
  path: Assets/prefabs/Sky.fbx
  artifactKey: Guid(0d37de15b80081f48a659bf94648dc25) Importer(815301076,1909f56bfc062723c751e8b465ee728b)
Start importing Assets/prefabs/Sky.fbx using Guid(0d37de15b80081f48a659bf94648dc25) Importer(815301076,1909f56bfc062723c751e8b465ee728b)  -> (artifact id: '9540472440cd431eedd87b0463219cea') in 0.022587 seconds 
  Import took 0.049883 seconds .

========================================================================
Received Import Request.
  Time since last request: 55.991055 seconds.
  path: Assets/prefabs/Sky.fbx
  artifactKey: Guid(0d37de15b80081f48a659bf94648dc25) Importer(815301076,1909f56bfc062723c751e8b465ee728b)
Start importing Assets/prefabs/Sky.fbx using Guid(0d37de15b80081f48a659bf94648dc25) Importer(815301076,1909f56bfc062723c751e8b465ee728b)  -> (artifact id: '2b27ee56e3899d6665a3a890744f4882') in 0.027297 seconds 
  Import took 0.050681 seconds .

========================================================================
Received Import Request.
  Time since last request: 1511.491768 seconds.
  path: Assets/prefabs/Cloud 1.fbx
  artifactKey: Guid(baac8681f2f897c41bd142e3a92c1677) Importer(815301076,1909f56bfc062723c751e8b465ee728b)
Start importing Assets/prefabs/Cloud 1.fbx using Guid(baac8681f2f897c41bd142e3a92c1677) Importer(815301076,1909f56bfc062723c751e8b465ee728b)  -> (artifact id: 'd199dc46b805bd27e873c8428923c931') in 0.028562 seconds 
  Import took 0.113820 seconds .

========================================================================
Received Import Request.
  Time since last request: 34.174374 seconds.
  path: Assets/prefabs/Cloud 2.fbx
  artifactKey: Guid(cb52d23223f867d489546f781c667b70) Importer(815301076,1909f56bfc062723c751e8b465ee728b)
Start importing Assets/prefabs/Cloud 2.fbx using Guid(cb52d23223f867d489546f781c667b70) Importer(815301076,1909f56bfc062723c751e8b465ee728b)  -> (artifact id: '598d30bbe293a838c0e671620cd5ec98') in 0.025001 seconds 
  Import took 0.126734 seconds .

========================================================================
Received Import Request.
  Time since last request: 74.413320 seconds.
  path: Assets/prefabs/Cloud 3.fbx
  artifactKey: Guid(e56dea924da263c4786315baad295556) Importer(815301076,1909f56bfc062723c751e8b465ee728b)
Start importing Assets/prefabs/Cloud 3.fbx using Guid(e56dea924da263c4786315baad295556) Importer(815301076,1909f56bfc062723c751e8b465ee728b)  -> (artifact id: 'cab3dcf77a4b85412788b1966018525b') in 0.024070 seconds 
  Import took 0.384526 seconds .

========================================================================
Received Import Request.
  Time since last request: 524.768280 seconds.
  path: Assets/prefabs/Cloud 3.fbx
  artifactKey: Guid(e56dea924da263c4786315baad295556) Importer(815301076,1909f56bfc062723c751e8b465ee728b)
Start importing Assets/prefabs/Cloud 3.fbx using Guid(e56dea924da263c4786315baad295556) Importer(815301076,1909f56bfc062723c751e8b465ee728b)  -> (artifact id: 'de4d892965d845fc485017f95cd4f369') in 0.288528 seconds 
  Import took 0.329401 seconds .

========================================================================
Received Import Request.
  Time since last request: 0.140628 seconds.
  path: Assets/prefabs/Cloud 2.fbx
  artifactKey: Guid(cb52d23223f867d489546f781c667b70) Importer(815301076,1909f56bfc062723c751e8b465ee728b)
Start importing Assets/prefabs/Cloud 2.fbx using Guid(cb52d23223f867d489546f781c667b70) Importer(815301076,1909f56bfc062723c751e8b465ee728b)  -> (artifact id: 'd9bfa9c52db2f94889db80d05f225089') in 0.004950 seconds 
  Import took 0.009518 seconds .

========================================================================
Received Import Request.
  Time since last request: 14.716064 seconds.
  path: Assets/prefabs/Cloud 2.fbx
  artifactKey: Guid(cb52d23223f867d489546f781c667b70) Importer(815301076,1909f56bfc062723c751e8b465ee728b)
Start importing Assets/prefabs/Cloud 2.fbx using Guid(cb52d23223f867d489546f781c667b70) Importer(815301076,1909f56bfc062723c751e8b465ee728b)  -> (artifact id: '3648acecb305effaf43bac167b9e876f') in 0.033108 seconds 
  Import took 0.040686 seconds .

========================================================================
Received Import Request.
  Time since last request: 473.542061 seconds.
  path: Assets/prefabs/terain with solarpunk buildings.fbm/New Folder
  artifactKey: Guid(7ecf19d1c3f00de44b122ea0e3b011d4) Importer(815301076,1909f56bfc062723c751e8b465ee728b)
Start importing Assets/prefabs/terain with solarpunk buildings.fbm/New Folder using Guid(7ecf19d1c3f00de44b122ea0e3b011d4) Importer(815301076,1909f56bfc062723c751e8b465ee728b)  -> (artifact id: '2302a094da0a7de3401a8798b97400e0') in 0.002428 seconds 
  Import took 0.020311 seconds .

========================================================================
Received Import Request.
  Time since last request: 32.389024 seconds.
  path: Assets/prefabs/3d mesh
  artifactKey: Guid(fa41c30e62aa83645bfc348de0f2e451) Importer(815301076,1909f56bfc062723c751e8b465ee728b)
Start importing Assets/prefabs/3d mesh using Guid(fa41c30e62aa83645bfc348de0f2e451) Importer(815301076,1909f56bfc062723c751e8b465ee728b)  -> (artifact id: '3d65ce805ad1de28b62d853f52c1f2e2') in 0.002990 seconds 
  Import took 0.009134 seconds .

========================================================================
Received Import Request.
  Time since last request: 25.092265 seconds.
  path: Assets/prefabs/Prefabs
  artifactKey: Guid(2c0997fca3be2c346b1c5c07933ef554) Importer(815301076,1909f56bfc062723c751e8b465ee728b)
Start importing Assets/prefabs/Prefabs using Guid(2c0997fca3be2c346b1c5c07933ef554) Importer(815301076,1909f56bfc062723c751e8b465ee728b)  -> (artifact id: '76648d4e53fe573483f3b6b06b1d79d1') in 0.002186 seconds 
  Import took 0.048094 seconds .

========================================================================
Received Import Request.
  Time since last request: 10.037280 seconds.
  path: Assets/prefabs/Prefabs/clouds.prefab
  artifactKey: Guid(2e3e2860308b91c419247aaaff906d58) Importer(815301076,1909f56bfc062723c751e8b465ee728b)
Start importing Assets/prefabs/Prefabs/clouds.prefab using Guid(2e3e2860308b91c419247aaaff906d58) Importer(815301076,1909f56bfc062723c751e8b465ee728b)  -> (artifact id: 'afbea7fb471632d0ac08abcb6571fe84') in 0.026806 seconds 
  Import took 0.054628 seconds .

========================================================================
Received Import Request.
  Time since last request: 42.494788 seconds.
  path: Assets/prefabs/Prefabs/ship.prefab
  artifactKey: Guid(9ebc3c0e14c6ded4cad8baa951627731) Importer(815301076,1909f56bfc062723c751e8b465ee728b)
Start importing Assets/prefabs/Prefabs/ship.prefab using Guid(9ebc3c0e14c6ded4cad8baa951627731) Importer(815301076,1909f56bfc062723c751e8b465ee728b)  -> (artifact id: '833f4ad50049e4fa5dfb66db6fa08aa6') in 0.019136 seconds 
  Import took 0.026230 seconds .

========================================================================
Received Import Request.
  Time since last request: 18.837236 seconds.
  path: Assets/prefabs/Prefabs/fuel recharge.prefab
  artifactKey: Guid(b161e81a9906ab542bdf4bb49141879f) Importer(815301076,1909f56bfc062723c751e8b465ee728b)
Start importing Assets/prefabs/Prefabs/fuel recharge.prefab using Guid(b161e81a9906ab542bdf4bb49141879f) Importer(815301076,1909f56bfc062723c751e8b465ee728b)  -> (artifact id: 'a998890a36ea9d71af0d243d3760514e') in 0.025472 seconds 
  Import took 0.046684 seconds .

========================================================================
Received Import Request.
  Time since last request: 34.263933 seconds.
  path: Assets/prefabs/Prefabs/resource increase.prefab
  artifactKey: Guid(b995360235169164087f9451b2069136) Importer(815301076,1909f56bfc062723c751e8b465ee728b)
Start importing Assets/prefabs/Prefabs/resource increase.prefab using Guid(b995360235169164087f9451b2069136) Importer(815301076,1909f56bfc062723c751e8b465ee728b)  -> (artifact id: '3ffcda63e912031e0c54d8c2e3602845') in 0.009000 seconds 
  Import took 0.013344 seconds .

========================================================================
Received Import Request.
  Time since last request: 82.114937 seconds.
  path: Assets/prefabs/Prefabs/large mass of clouds.prefab
  artifactKey: Guid(98dd4f7c75b28f74a8f15a00d0ae1a22) Importer(815301076,1909f56bfc062723c751e8b465ee728b)
Start importing Assets/prefabs/Prefabs/large mass of clouds.prefab using Guid(98dd4f7c75b28f74a8f15a00d0ae1a22) Importer(815301076,1909f56bfc062723c751e8b465ee728b)  -> (artifact id: '3f4b796567f582d4c7998f68a20c9717') in 0.017166 seconds 
  Import took 0.023050 seconds .

